# JRE version: OpenJDK Runtime Environment (8.0_222-b10) (build 1.8.0_222-8u222-b10-1ubuntu1~18.04.1-b10)
# Java VM: OpenJDK 64-Bit Server VM (25.222-b10 mixed mode linux-amd64 compressed oops)
Heap:
 def new generation   total 177984K, used 0K [0x00000000c0000000, 0x00000000cc110000, 0x00000000d5550000)
  eden space 158272K,   0% used [0x00000000c0000000, 0x00000000c0000000, 0x00000000c9a90000)
  from space 19712K,   0% used [0x00000000cadd0000, 0x00000000cadd0000, 0x00000000cc110000)
  to   space 19712K,   0% used [0x00000000c9a90000, 0x00000000c9a90000, 0x00000000cadd0000)
 tenured generation   total 397772K, used 262780K [0x00000000d5550000, 0x00000000ed9c3000, 0x0000000100000000)
   the space 397772K,  66% used [0x00000000d5550000, 0x00000000e55ef260, 0x00000000e55ef400, 0x00000000ed9c3000)
 Metaspace       used 55620K, capacity 57300K, committed 57344K, reserved 1099776K
  class space    used 7066K, capacity 7418K, committed 7424K, reserved 1048576K
GC Heap History (10 events):
Event: 93802.973 GC heap after
Heap after GC invocations=1462 (full 10):
 def new generation   total 177984K, used 11772K [0x00000000c0000000, 0x00000000cc110000, 0x00000000d5550000)
  eden space 158272K,   0% used [0x00000000c0000000, 0x00000000c0000000, 0x00000000c9a90000)
  from space 19712K,  59% used [0x00000000c9a90000, 0x00000000ca60f1e8, 0x00000000cadd0000)
  to   space 19712K,   0% used [0x00000000cadd0000, 0x00000000cadd0000, 0x00000000cc110000)
 tenured generation   total 395276K, used 353080K [0x00000000d5550000, 0x00000000ed753000, 0x0000000100000000)
   the space 395276K,  89% used [0x00000000d5550000, 0x00000000eae1e2d8, 0x00000000eae1e400, 0x00000000ed753000)
 Metaspace       used 55620K, capacity 57300K, committed 57344K, reserved 1099776K
  class space    used 7066K, capacity 7418K, committed 7424K, reserved 1048576K
}
Event: 93806.665 GC heap before
{Heap before GC invocations=1462 (full 10):
 def new generation   total 177984K, used 170044K [0x00000000c0000000, 0x00000000cc110000, 0x00000000d5550000)
  eden space 158272K, 100% used [0x00000000c0000000, 0x00000000c9a90000, 0x00000000c9a90000)
  from space 19712K,  59% used [0x00000000c9a90000, 0x00000000ca60f1e8, 0x00000000cadd0000)
  to   space 19712K,   0% used [0x00000000cadd0000, 0x00000000cadd0000, 0x00000000cc110000)
 tenured generation   total 395276K, used 353080K [0x00000000d5550000, 0x00000000ed753000, 0x0000000100000000)
   the space 395276K,  89% used [0x00000000d5550000, 0x00000000eae1e2d8, 0x00000000eae1e400, 0x00000000ed753000)
 Metaspace       used 55620K, capacity 57300K, committed 57344K, reserved 1099776K
  class space    used 7066K, capacity 7418K, committed 7424K, reserved 1048576K
Event: 93806.688 GC heap after
Heap after GC invocations=1463 (full 10):
 def new generation   total 177984K, used 11168K [0x00000000c0000000, 0x00000000cc110000, 0x00000000d5550000)
  eden space 158272K,   0% used [0x00000000c0000000, 0x00000000c0000000, 0x00000000c9a90000)
  from space 19712K,  56% used [0x00000000cadd0000, 0x00000000cb8b8280, 0x00000000cc110000)
  to   space 19712K,   0% used [0x00000000c9a90000, 0x00000000c9a90000, 0x00000000cadd0000)
 tenured generation   total 395276K, used 357171K [0x00000000d5550000, 0x00000000ed753000, 0x0000000100000000)
   the space 395276K,  90% used [0x00000000d5550000, 0x00000000eb21cfe0, 0x00000000eb21d000, 0x00000000ed753000)
 Metaspace       used 55620K, capacity 57300K, committed 57344K, reserved 1099776K
  class space    used 7066K, capacity 7418K, committed 7424K, reserved 1048576K
}
Event: 93810.931 GC heap before
{Heap before GC invocations=1463 (full 10):
 def new generation   total 177984K, used 169440K [0x00000000c0000000, 0x00000000cc110000, 0x00000000d5550000)
  eden space 158272K, 100% used [0x00000000c0000000, 0x00000000c9a90000, 0x00000000c9a90000)
  from space 19712K,  56% used [0x00000000cadd0000, 0x00000000cb8b8280, 0x00000000cc110000)
  to   space 19712K,   0% used [0x00000000c9a90000, 0x00000000c9a90000, 0x00000000cadd0000)
 tenured generation   total 395276K, used 357171K [0x00000000d5550000, 0x00000000ed753000, 0x0000000100000000)
   the space 395276K,  90% used [0x00000000d5550000, 0x00000000eb21cfe0, 0x00000000eb21d000, 0x00000000ed753000)
 Metaspace       used 55620K, capacity 57300K, committed 57344K, reserved 1099776K
  class space    used 7066K, capacity 7418K, committed 7424K, reserved 1048576K
Event: 93810.951 GC heap after
Heap after GC invocations=1464 (full 10):
 def new generation   total 177984K, used 12890K [0x00000000c0000000, 0x00000000cc110000, 0x00000000d5550000)
  eden space 158272K,   0% used [0x00000000c0000000, 0x00000000c0000000, 0x00000000c9a90000)
  from space 19712K,  65% used [0x00000000c9a90000, 0x00000000ca726b60, 0x00000000cadd0000)
  to   space 19712K,   0% used [0x00000000cadd0000, 0x00000000cadd0000, 0x00000000cc110000)
 tenured generation   total 395276K, used 360644K [0x00000000d5550000, 0x00000000ed753000, 0x0000000100000000)
   the space 395276K,  91% used [0x00000000d5550000, 0x00000000eb581288, 0x00000000eb581400, 0x00000000ed753000)
 Metaspace       used 55620K, capacity 57300K, committed 57344K, reserved 1099776K
  class space    used 7066K, capacity 7418K, committed 7424K, reserved 1048576K
}
Event: 93814.214 GC heap before
{Heap before GC invocations=1464 (full 10):
 def new generation   total 177984K, used 171162K [0x00000000c0000000, 0x00000000cc110000, 0x00000000d5550000)
  eden space 158272K, 100% used [0x00000000c0000000, 0x00000000c9a90000, 0x00000000c9a90000)
  from space 19712K,  65% used [0x00000000c9a90000, 0x00000000ca726b60, 0x00000000cadd0000)
  to   space 19712K,   0% used [0x00000000cadd0000, 0x00000000cadd0000, 0x00000000cc110000)
 tenured generation   total 395276K, used 360644K [0x00000000d5550000, 0x00000000ed753000, 0x0000000100000000)
   the space 395276K,  91% used [0x00000000d5550000, 0x00000000eb581288, 0x00000000eb581400, 0x00000000ed753000)
 Metaspace       used 55620K, capacity 57300K, committed 57344K, reserved 1099776K
  class space    used 7066K, capacity 7418K, committed 7424K, reserved 1048576K
Event: 93814.243 GC heap after
Heap after GC invocations=1465 (full 10):
 def new generation   total 177984K, used 14235K [0x00000000c0000000, 0x00000000cc110000, 0x00000000d5550000)
  eden space 158272K,   0% used [0x00000000c0000000, 0x00000000c0000000, 0x00000000c9a90000)
  from space 19712K,  72% used [0x00000000cadd0000, 0x00000000cbbb6cb0, 0x00000000cc110000)
  to   space 19712K,   0% used [0x00000000c9a90000, 0x00000000c9a90000, 0x00000000cadd0000)
 tenured generation   total 395276K, used 363542K [0x00000000d5550000, 0x00000000ed753000, 0x0000000100000000)
   the space 395276K,  91% used [0x00000000d5550000, 0x00000000eb855858, 0x00000000eb855a00, 0x00000000ed753000)
 Metaspace       used 55620K, capacity 57300K, committed 57344K, reserved 1099776K
  class space    used 7066K, capacity 7418K, committed 7424K, reserved 1048576K
}
Event: 93817.891 GC heap before
{Heap before GC invocations=1465 (full 10):
 def new generation   total 177984K, used 172507K [0x00000000c0000000, 0x00000000cc110000, 0x00000000d5550000)
  eden space 158272K, 100% used [0x00000000c0000000, 0x00000000c9a90000, 0x00000000c9a90000)
  from space 19712K,  72% used [0x00000000cadd0000, 0x00000000cbbb6cb0, 0x00000000cc110000)
  to   space 19712K,   0% used [0x00000000c9a90000, 0x00000000c9a90000, 0x00000000cadd0000)
 tenured generation   total 395276K, used 363542K [0x00000000d5550000, 0x00000000ed753000, 0x0000000100000000)
   the space 395276K,  91% used [0x00000000d5550000, 0x00000000eb855858, 0x00000000eb855a00, 0x00000000ed753000)
 Metaspace       used 55620K, capacity 57300K, committed 57344K, reserved 1099776K
  class space    used 7066K, capacity 7418K, committed 7424K, reserved 1048576K
Event: 93817.966 GC heap after
Heap after GC invocations=1466 (full 10):
 def new generation   total 177984K, used 19711K [0x00000000c0000000, 0x00000000cc110000, 0x00000000d5550000)
  eden space 158272K,   0% used [0x00000000c0000000, 0x00000000c0000000, 0x00000000c9a90000)
  from space 19712K,  99% used [0x00000000c9a90000, 0x00000000cadcfff8, 0x00000000cadd0000)
  to   space 19712K,   0% used [0x00000000cadd0000, 0x00000000cadd0000, 0x00000000cc110000)
 tenured generation   total 395276K, used 387842K [0x00000000d5550000, 0x00000000ed753000, 0x0000000100000000)
   the space 395276K,  98% used [0x00000000d5550000, 0x00000000ed0108f8, 0x00000000ed010a00, 0x00000000ed753000)
 Metaspace       used 55620K, capacity 57300K, committed 57344K, reserved 1099776K
  class space    used 7066K, capacity 7418K, committed 7424K, reserved 1048576K
}
Event: 93820.989 GC heap before
{Heap before GC invocations=1466 (full 10):
 def new generation   total 177984K, used 177983K [0x00000000c0000000, 0x00000000cc110000, 0x00000000d5550000)
  eden space 158272K, 100% used [0x00000000c0000000, 0x00000000c9a90000, 0x00000000c9a90000)
  from space 19712K,  99% used [0x00000000c9a90000, 0x00000000cadcfff8, 0x00000000cadd0000)
  to   space 19712K,   0% used [0x00000000cadd0000, 0x00000000cadd0000, 0x00000000cc110000)
 tenured generation   total 395276K, used 387842K [0x00000000d5550000, 0x00000000ed753000, 0x0000000100000000)
   the space 395276K,  98% used [0x00000000d5550000, 0x00000000ed0108f8, 0x00000000ed010a00, 0x00000000ed753000)
 Metaspace       used 55620K, capacity 57300K, committed 57344K, reserved 1099776K
  class space    used 7066K, capacity 7418K, committed 7424K, reserved 1048576K

